{"/Users/akufour/Dev/Misc/trello/main.js": {"path":"/Users/akufour/Dev/Misc/trello/main.js","statementMap":{"0":{"start":{"line":1,"column":0},"end":{"line":1,"column":34}},"1":{"start":{"line":2,"column":0},"end":{"line":2,"column":32}},"2":{"start":{"line":4,"column":13},"end":{"line":7,"column":1}},"3":{"start":{"line":5,"column":4},"end":{"line":5,"column":19}},"4":{"start":{"line":6,"column":4},"end":{"line":6,"column":23}},"5":{"start":{"line":9,"column":0},"end":{"line":11,"column":2}},"6":{"start":{"line":10,"column":4},"end":{"line":10,"column":48}},"7":{"start":{"line":13,"column":0},"end":{"line":71,"column":2}},"8":{"start":{"line":19,"column":4},"end":{"line":22,"column":10}},"9":{"start":{"line":20,"column":8},"end":{"line":22,"column":10}},"10":{"start":{"line":24,"column":16},"end":{"line":24,"column":34}},"11":{"start":{"line":25,"column":18},"end":{"line":25,"column":42}},"12":{"start":{"line":27,"column":4},"end":{"line":49,"column":5}},"13":{"start":{"line":28,"column":26},"end":{"line":28,"column":66}},"14":{"start":{"line":31,"column":8},"end":{"line":31,"column":72}},"15":{"start":{"line":31,"column":22},"end":{"line":31,"column":72}},"16":{"start":{"line":33,"column":8},"end":{"line":38,"column":14}},"17":{"start":{"line":34,"column":12},"end":{"line":38,"column":14}},"18":{"start":{"line":40,"column":19},"end":{"line":40,"column":39}},"19":{"start":{"line":41,"column":21},"end":{"line":41,"column":43}},"20":{"start":{"line":42,"column":32},"end":{"line":44,"column":21}},"21":{"start":{"line":43,"column":33},"end":{"line":43,"column":59}},"22":{"start":{"line":46,"column":8},"end":{"line":48,"column":10}},"23":{"start":{"line":51,"column":4},"end":{"line":56,"column":10}},"24":{"start":{"line":52,"column":8},"end":{"line":56,"column":10}},"25":{"start":{"line":58,"column":4},"end":{"line":64,"column":5}},"26":{"start":{"line":59,"column":8},"end":{"line":63,"column":10}},"27":{"start":{"line":66,"column":4},"end":{"line":70,"column":6}},"28":{"start":{"line":73,"column":0},"end":{"line":78,"column":2}},"29":{"start":{"line":74,"column":15},"end":{"line":74,"column":40}},"30":{"start":{"line":75,"column":17},"end":{"line":75,"column":44}},"31":{"start":{"line":76,"column":4},"end":{"line":76,"column":67}},"32":{"start":{"line":76,"column":30},"end":{"line":76,"column":64}},"33":{"start":{"line":77,"column":4},"end":{"line":77,"column":25}},"34":{"start":{"line":81,"column":4},"end":{"line":81,"column":51}},"35":{"start":{"line":81,"column":33},"end":{"line":81,"column":51}},"36":{"start":{"line":83,"column":4},"end":{"line":89,"column":7}},"37":{"start":{"line":92,"column":0},"end":{"line":102,"column":2}},"38":{"start":{"line":93,"column":4},"end":{"line":96,"column":10}},"39":{"start":{"line":94,"column":8},"end":{"line":96,"column":10}},"40":{"start":{"line":98,"column":4},"end":{"line":99,"column":59}},"41":{"start":{"line":99,"column":8},"end":{"line":99,"column":59}},"42":{"start":{"line":101,"column":4},"end":{"line":101,"column":53}},"43":{"start":{"line":104,"column":0},"end":{"line":117,"column":2}},"44":{"start":{"line":105,"column":4},"end":{"line":108,"column":10}},"45":{"start":{"line":106,"column":8},"end":{"line":108,"column":10}},"46":{"start":{"line":110,"column":18},"end":{"line":114,"column":6}},"47":{"start":{"line":116,"column":4},"end":{"line":116,"column":66}},"48":{"start":{"line":119,"column":0},"end":{"line":129,"column":2}},"49":{"start":{"line":120,"column":4},"end":{"line":123,"column":10}},"50":{"start":{"line":121,"column":8},"end":{"line":123,"column":10}},"51":{"start":{"line":125,"column":18},"end":{"line":125,"column":60}},"52":{"start":{"line":126,"column":18},"end":{"line":126,"column":77}},"53":{"start":{"line":128,"column":4},"end":{"line":128,"column":66}},"54":{"start":{"line":131,"column":0},"end":{"line":140,"column":2}},"55":{"start":{"line":132,"column":4},"end":{"line":135,"column":10}},"56":{"start":{"line":133,"column":8},"end":{"line":135,"column":10}},"57":{"start":{"line":137,"column":18},"end":{"line":137,"column":70}},"58":{"start":{"line":139,"column":4},"end":{"line":139,"column":66}},"59":{"start":{"line":142,"column":0},"end":{"line":155,"column":2}},"60":{"start":{"line":143,"column":4},"end":{"line":146,"column":10}},"61":{"start":{"line":144,"column":8},"end":{"line":146,"column":10}},"62":{"start":{"line":148,"column":16},"end":{"line":151,"column":5}},"63":{"start":{"line":152,"column":18},"end":{"line":152,"column":67}},"64":{"start":{"line":154,"column":4},"end":{"line":154,"column":66}},"65":{"start":{"line":157,"column":0},"end":{"line":160,"column":2}},"66":{"start":{"line":158,"column":18},"end":{"line":158,"column":68}},"67":{"start":{"line":159,"column":4},"end":{"line":159,"column":36}},"68":{"start":{"line":162,"column":0},"end":{"line":165,"column":2}},"69":{"start":{"line":163,"column":18},"end":{"line":163,"column":68}},"70":{"start":{"line":164,"column":4},"end":{"line":164,"column":36}},"71":{"start":{"line":167,"column":0},"end":{"line":173,"column":2}},"72":{"start":{"line":168,"column":18},"end":{"line":170,"column":6}},"73":{"start":{"line":172,"column":4},"end":{"line":172,"column":66}},"74":{"start":{"line":175,"column":0},"end":{"line":181,"column":2}},"75":{"start":{"line":176,"column":18},"end":{"line":178,"column":6}},"76":{"start":{"line":180,"column":4},"end":{"line":180,"column":66}},"77":{"start":{"line":183,"column":0},"end":{"line":198,"column":2}},"78":{"start":{"line":184,"column":4},"end":{"line":187,"column":10}},"79":{"start":{"line":185,"column":8},"end":{"line":187,"column":10}},"80":{"start":{"line":189,"column":18},"end":{"line":195,"column":5}},"81":{"start":{"line":197,"column":4},"end":{"line":197,"column":66}},"82":{"start":{"line":200,"column":0},"end":{"line":210,"column":2}},"83":{"start":{"line":201,"column":18},"end":{"line":207,"column":5}},"84":{"start":{"line":209,"column":4},"end":{"line":209,"column":66}},"85":{"start":{"line":212,"column":0},"end":{"line":220,"column":2}},"86":{"start":{"line":213,"column":18},"end":{"line":217,"column":5}},"87":{"start":{"line":219,"column":4},"end":{"line":219,"column":66}},"88":{"start":{"line":222,"column":0},"end":{"line":228,"column":2}},"89":{"start":{"line":223,"column":18},"end":{"line":225,"column":6}},"90":{"start":{"line":227,"column":4},"end":{"line":227,"column":66}},"91":{"start":{"line":230,"column":0},"end":{"line":233,"column":2}},"92":{"start":{"line":231,"column":18},"end":{"line":231,"column":79}},"93":{"start":{"line":232,"column":4},"end":{"line":232,"column":36}},"94":{"start":{"line":235,"column":0},"end":{"line":241,"column":2}},"95":{"start":{"line":236,"column":18},"end":{"line":239,"column":5}},"96":{"start":{"line":240,"column":4},"end":{"line":240,"column":36}},"97":{"start":{"line":243,"column":0},"end":{"line":250,"column":2}},"98":{"start":{"line":244,"column":18},"end":{"line":248,"column":5}},"99":{"start":{"line":249,"column":4},"end":{"line":249,"column":66}},"100":{"start":{"line":252,"column":0},"end":{"line":260,"column":2}},"101":{"start":{"line":253,"column":18},"end":{"line":257,"column":5}},"102":{"start":{"line":259,"column":4},"end":{"line":259,"column":66}},"103":{"start":{"line":262,"column":0},"end":{"line":265,"column":2}},"104":{"start":{"line":263,"column":18},"end":{"line":263,"column":79}},"105":{"start":{"line":264,"column":4},"end":{"line":264,"column":36}},"106":{"start":{"line":267,"column":0},"end":{"line":275,"column":2}},"107":{"start":{"line":268,"column":18},"end":{"line":272,"column":5}},"108":{"start":{"line":274,"column":4},"end":{"line":274,"column":66}},"109":{"start":{"line":277,"column":0},"end":{"line":282,"column":2}},"110":{"start":{"line":278,"column":18},"end":{"line":278,"column":55}},"111":{"start":{"line":279,"column":18},"end":{"line":279,"column":75}},"112":{"start":{"line":281,"column":4},"end":{"line":281,"column":66}},"113":{"start":{"line":284,"column":0},"end":{"line":293,"column":2}},"114":{"start":{"line":285,"column":18},"end":{"line":285,"column":55}},"115":{"start":{"line":286,"column":18},"end":{"line":290,"column":5}},"116":{"start":{"line":292,"column":4},"end":{"line":292,"column":66}},"117":{"start":{"line":295,"column":0},"end":{"line":297,"column":2}},"118":{"start":{"line":296,"column":4},"end":{"line":296,"column":45}},"119":{"start":{"line":299,"column":0},"end":{"line":301,"column":2}},"120":{"start":{"line":300,"column":4},"end":{"line":300,"column":58}},"121":{"start":{"line":303,"column":0},"end":{"line":305,"column":2}},"122":{"start":{"line":304,"column":4},"end":{"line":304,"column":55}},"123":{"start":{"line":307,"column":0},"end":{"line":310,"column":2}},"124":{"start":{"line":308,"column":18},"end":{"line":308,"column":71}},"125":{"start":{"line":309,"column":4},"end":{"line":309,"column":36}},"126":{"start":{"line":312,"column":0},"end":{"line":315,"column":2}},"127":{"start":{"line":313,"column":18},"end":{"line":313,"column":77}},"128":{"start":{"line":314,"column":4},"end":{"line":314,"column":36}},"129":{"start":{"line":317,"column":0},"end":{"line":320,"column":2}},"130":{"start":{"line":318,"column":18},"end":{"line":318,"column":78}},"131":{"start":{"line":319,"column":4},"end":{"line":319,"column":36}},"132":{"start":{"line":322,"column":0},"end":{"line":328,"column":2}},"133":{"start":{"line":323,"column":18},"end":{"line":326,"column":5}},"134":{"start":{"line":327,"column":4},"end":{"line":327,"column":36}},"135":{"start":{"line":330,"column":0},"end":{"line":333,"column":2}},"136":{"start":{"line":331,"column":18},"end":{"line":331,"column":76}},"137":{"start":{"line":332,"column":4},"end":{"line":332,"column":36}},"138":{"start":{"line":335,"column":0},"end":{"line":341,"column":2}},"139":{"start":{"line":336,"column":18},"end":{"line":338,"column":6}},"140":{"start":{"line":340,"column":4},"end":{"line":340,"column":36}},"141":{"start":{"line":343,"column":0},"end":{"line":346,"column":2}},"142":{"start":{"line":344,"column":18},"end":{"line":344,"column":76}},"143":{"start":{"line":345,"column":4},"end":{"line":345,"column":36}},"144":{"start":{"line":348,"column":0},"end":{"line":358,"column":2}},"145":{"start":{"line":352,"column":18},"end":{"line":355,"column":5}},"146":{"start":{"line":357,"column":4},"end":{"line":357,"column":36}},"147":{"start":{"line":360,"column":0},"end":{"line":363,"column":2}},"148":{"start":{"line":361,"column":18},"end":{"line":361,"column":74}},"149":{"start":{"line":362,"column":4},"end":{"line":362,"column":36}},"150":{"start":{"line":365,"column":0},"end":{"line":375,"column":2}},"151":{"start":{"line":367,"column":18},"end":{"line":372,"column":5}},"152":{"start":{"line":374,"column":4},"end":{"line":374,"column":36}},"153":{"start":{"line":377,"column":0},"end":{"line":380,"column":2}},"154":{"start":{"line":378,"column":18},"end":{"line":378,"column":71}},"155":{"start":{"line":379,"column":4},"end":{"line":379,"column":66}},"156":{"start":{"line":382,"column":0},"end":{"line":389,"column":2}},"157":{"start":{"line":383,"column":18},"end":{"line":387,"column":6}},"158":{"start":{"line":388,"column":4},"end":{"line":388,"column":66}},"159":{"start":{"line":391,"column":0},"end":{"line":395,"column":2}},"160":{"start":{"line":393,"column":18},"end":{"line":393,"column":77}},"161":{"start":{"line":394,"column":4},"end":{"line":394,"column":66}},"162":{"start":{"line":397,"column":0},"end":{"line":400,"column":2}},"163":{"start":{"line":398,"column":18},"end":{"line":398,"column":77}},"164":{"start":{"line":399,"column":4},"end":{"line":399,"column":36}},"165":{"start":{"line":402,"column":0},"end":{"line":409,"column":2}},"166":{"start":{"line":403,"column":18},"end":{"line":407,"column":6}},"167":{"start":{"line":408,"column":4},"end":{"line":408,"column":66}},"168":{"start":{"line":411,"column":0},"end":{"line":414,"column":2}},"169":{"start":{"line":412,"column":18},"end":{"line":412,"column":73}},"170":{"start":{"line":413,"column":4},"end":{"line":413,"column":66}},"171":{"start":{"line":416,"column":0},"end":{"line":421,"column":2}},"172":{"start":{"line":417,"column":18},"end":{"line":419,"column":6}},"173":{"start":{"line":420,"column":4},"end":{"line":420,"column":66}},"174":{"start":{"line":423,"column":0},"end":{"line":429,"column":2}},"175":{"start":{"line":424,"column":18},"end":{"line":427,"column":5}},"176":{"start":{"line":428,"column":4},"end":{"line":428,"column":66}},"177":{"start":{"line":431,"column":0},"end":{"line":436,"column":2}},"178":{"start":{"line":432,"column":18},"end":{"line":432,"column":55}},"179":{"start":{"line":434,"column":18},"end":{"line":434,"column":77}},"180":{"start":{"line":435,"column":4},"end":{"line":435,"column":66}},"181":{"start":{"line":438,"column":0},"end":{"line":440,"column":2}},"182":{"start":{"line":439,"column":4},"end":{"line":439,"column":47}},"183":{"start":{"line":442,"column":0},"end":{"line":444,"column":2}},"184":{"start":{"line":443,"column":4},"end":{"line":443,"column":48}},"185":{"start":{"line":446,"column":0},"end":{"line":449,"column":2}},"186":{"start":{"line":447,"column":18},"end":{"line":447,"column":77}},"187":{"start":{"line":448,"column":4},"end":{"line":448,"column":36}},"188":{"start":{"line":451,"column":0},"end":{"line":456,"column":2}},"189":{"start":{"line":452,"column":18},"end":{"line":454,"column":6}},"190":{"start":{"line":455,"column":4},"end":{"line":455,"column":66}},"191":{"start":{"line":458,"column":0},"end":{"line":458,"column":24}}},"fnMap":{"0":{"name":"(anonymous_0)","decl":{"start":{"line":4,"column":13},"end":{"line":4,"column":14}},"loc":{"start":{"line":4,"column":34},"end":{"line":7,"column":1}},"line":4},"1":{"name":"(anonymous_1)","decl":{"start":{"line":9,"column":31},"end":{"line":9,"column":32}},"loc":{"start":{"line":9,"column":42},"end":{"line":11,"column":1}},"line":9},"2":{"name":"(anonymous_2)","decl":{"start":{"line":13,"column":36},"end":{"line":13,"column":37}},"loc":{"start":{"line":18,"column":2},"end":{"line":71,"column":1}},"line":18},"3":{"name":"(anonymous_3)","decl":{"start":{"line":43,"column":17},"end":{"line":43,"column":18}},"loc":{"start":{"line":43,"column":33},"end":{"line":43,"column":59}},"line":43},"4":{"name":"(anonymous_4)","decl":{"start":{"line":73,"column":40},"end":{"line":73,"column":41}},"loc":{"start":{"line":73,"column":78},"end":{"line":78,"column":1}},"line":73},"5":{"name":"(anonymous_5)","decl":{"start":{"line":76,"column":13},"end":{"line":76,"column":14}},"loc":{"start":{"line":76,"column":30},"end":{"line":76,"column":64}},"line":76},"6":{"name":"makeRequest","decl":{"start":{"line":80,"column":9},"end":{"line":80,"column":20}},"loc":{"start":{"line":80,"column":50},"end":{"line":90,"column":1}},"line":80},"7":{"name":"(anonymous_7)","decl":{"start":{"line":92,"column":31},"end":{"line":92,"column":32}},"loc":{"start":{"line":92,"column":70},"end":{"line":102,"column":1}},"line":92},"8":{"name":"(anonymous_8)","decl":{"start":{"line":104,"column":28},"end":{"line":104,"column":29}},"loc":{"start":{"line":104,"column":64},"end":{"line":117,"column":1}},"line":104},"9":{"name":"(anonymous_9)","decl":{"start":{"line":119,"column":35},"end":{"line":119,"column":36}},"loc":{"start":{"line":119,"column":66},"end":{"line":129,"column":1}},"line":119},"10":{"name":"(anonymous_10)","decl":{"start":{"line":131,"column":27},"end":{"line":131,"column":28}},"loc":{"start":{"line":131,"column":50},"end":{"line":140,"column":1}},"line":131},"11":{"name":"(anonymous_11)","decl":{"start":{"line":142,"column":42},"end":{"line":142,"column":43}},"loc":{"start":{"line":142,"column":78},"end":{"line":155,"column":1}},"line":142},"12":{"name":"(anonymous_12)","decl":{"start":{"line":157,"column":27},"end":{"line":157,"column":28}},"loc":{"start":{"line":157,"column":44},"end":{"line":160,"column":1}},"line":157},"13":{"name":"(anonymous_13)","decl":{"start":{"line":162,"column":35},"end":{"line":162,"column":36}},"loc":{"start":{"line":162,"column":52},"end":{"line":165,"column":1}},"line":162},"14":{"name":"(anonymous_14)","decl":{"start":{"line":167,"column":30},"end":{"line":167,"column":31}},"loc":{"start":{"line":167,"column":53},"end":{"line":173,"column":1}},"line":167},"15":{"name":"(anonymous_15)","decl":{"start":{"line":175,"column":34},"end":{"line":175,"column":35}},"loc":{"start":{"line":175,"column":58},"end":{"line":181,"column":1}},"line":175},"16":{"name":"(anonymous_16)","decl":{"start":{"line":183,"column":36},"end":{"line":183,"column":37}},"loc":{"start":{"line":183,"column":78},"end":{"line":198,"column":1}},"line":183},"17":{"name":"(anonymous_17)","decl":{"start":{"line":200,"column":36},"end":{"line":200,"column":37}},"loc":{"start":{"line":200,"column":62},"end":{"line":210,"column":1}},"line":200},"18":{"name":"(anonymous_18)","decl":{"start":{"line":212,"column":39},"end":{"line":212,"column":40}},"loc":{"start":{"line":212,"column":61},"end":{"line":220,"column":1}},"line":212},"19":{"name":"(anonymous_19)","decl":{"start":{"line":222,"column":35},"end":{"line":222,"column":36}},"loc":{"start":{"line":222,"column":62},"end":{"line":228,"column":1}},"line":222},"20":{"name":"(anonymous_20)","decl":{"start":{"line":230,"column":29},"end":{"line":230,"column":30}},"loc":{"start":{"line":230,"column":48},"end":{"line":233,"column":1}},"line":230},"21":{"name":"(anonymous_21)","decl":{"start":{"line":235,"column":32},"end":{"line":235,"column":33}},"loc":{"start":{"line":235,"column":57},"end":{"line":241,"column":1}},"line":235},"22":{"name":"(anonymous_22)","decl":{"start":{"line":243,"column":38},"end":{"line":243,"column":39}},"loc":{"start":{"line":243,"column":61},"end":{"line":250,"column":1}},"line":243},"23":{"name":"(anonymous_23)","decl":{"start":{"line":252,"column":46},"end":{"line":252,"column":47}},"loc":{"start":{"line":252,"column":76},"end":{"line":260,"column":1}},"line":252},"24":{"name":"(anonymous_24)","decl":{"start":{"line":262,"column":39},"end":{"line":262,"column":40}},"loc":{"start":{"line":262,"column":56},"end":{"line":265,"column":1}},"line":262},"25":{"name":"(anonymous_25)","decl":{"start":{"line":267,"column":38},"end":{"line":267,"column":39}},"loc":{"start":{"line":267,"column":71},"end":{"line":275,"column":1}},"line":267},"26":{"name":"(anonymous_26)","decl":{"start":{"line":277,"column":30},"end":{"line":277,"column":31}},"loc":{"start":{"line":277,"column":55},"end":{"line":282,"column":1}},"line":277},"27":{"name":"(anonymous_27)","decl":{"start":{"line":284,"column":35},"end":{"line":284,"column":36}},"loc":{"start":{"line":284,"column":65},"end":{"line":293,"column":1}},"line":284},"28":{"name":"(anonymous_28)","decl":{"start":{"line":295,"column":34},"end":{"line":295,"column":35}},"loc":{"start":{"line":295,"column":57},"end":{"line":297,"column":1}},"line":295},"29":{"name":"(anonymous_29)","decl":{"start":{"line":299,"column":41},"end":{"line":299,"column":42}},"loc":{"start":{"line":299,"column":71},"end":{"line":301,"column":1}},"line":299},"30":{"name":"(anonymous_30)","decl":{"start":{"line":303,"column":34},"end":{"line":303,"column":35}},"loc":{"start":{"line":303,"column":59},"end":{"line":305,"column":1}},"line":303},"31":{"name":"(anonymous_31)","decl":{"start":{"line":307,"column":29},"end":{"line":307,"column":30}},"loc":{"start":{"line":307,"column":48},"end":{"line":310,"column":1}},"line":307},"32":{"name":"(anonymous_32)","decl":{"start":{"line":312,"column":34},"end":{"line":312,"column":35}},"loc":{"start":{"line":312,"column":53},"end":{"line":315,"column":1}},"line":312},"33":{"name":"(anonymous_33)","decl":{"start":{"line":317,"column":35},"end":{"line":317,"column":36}},"loc":{"start":{"line":317,"column":53},"end":{"line":320,"column":1}},"line":317},"34":{"name":"(anonymous_34)","decl":{"start":{"line":322,"column":33},"end":{"line":322,"column":34}},"loc":{"start":{"line":322,"column":58},"end":{"line":328,"column":1}},"line":322},"35":{"name":"(anonymous_35)","decl":{"start":{"line":330,"column":35},"end":{"line":330,"column":36}},"loc":{"start":{"line":330,"column":53},"end":{"line":333,"column":1}},"line":330},"36":{"name":"(anonymous_36)","decl":{"start":{"line":335,"column":43},"end":{"line":335,"column":44}},"loc":{"start":{"line":335,"column":69},"end":{"line":341,"column":1}},"line":335},"37":{"name":"(anonymous_37)","decl":{"start":{"line":343,"column":35},"end":{"line":343,"column":36}},"loc":{"start":{"line":343,"column":53},"end":{"line":346,"column":1}},"line":343},"38":{"name":"(anonymous_38)","decl":{"start":{"line":348,"column":50},"end":{"line":348,"column":51}},"loc":{"start":{"line":351,"column":2},"end":{"line":358,"column":1}},"line":351},"39":{"name":"(anonymous_39)","decl":{"start":{"line":360,"column":34},"end":{"line":360,"column":35}},"loc":{"start":{"line":360,"column":51},"end":{"line":363,"column":1}},"line":360},"40":{"name":"(anonymous_40)","decl":{"start":{"line":365,"column":49},"end":{"line":365,"column":50}},"loc":{"start":{"line":365,"column":74},"end":{"line":375,"column":1}},"line":365},"41":{"name":"(anonymous_41)","decl":{"start":{"line":377,"column":30},"end":{"line":377,"column":31}},"loc":{"start":{"line":377,"column":47},"end":{"line":380,"column":1}},"line":377},"42":{"name":"(anonymous_42)","decl":{"start":{"line":382,"column":30},"end":{"line":382,"column":31}},"loc":{"start":{"line":382,"column":74},"end":{"line":389,"column":1}},"line":382},"43":{"name":"(anonymous_43)","decl":{"start":{"line":391,"column":33},"end":{"line":391,"column":34}},"loc":{"start":{"line":391,"column":53},"end":{"line":395,"column":1}},"line":391},"44":{"name":"(anonymous_44)","decl":{"start":{"line":397,"column":37},"end":{"line":397,"column":38}},"loc":{"start":{"line":397,"column":55},"end":{"line":400,"column":1}},"line":397},"45":{"name":"(anonymous_45)","decl":{"start":{"line":402,"column":35},"end":{"line":402,"column":36}},"loc":{"start":{"line":402,"column":66},"end":{"line":409,"column":1}},"line":402},"46":{"name":"(anonymous_46)","decl":{"start":{"line":411,"column":31},"end":{"line":411,"column":32}},"loc":{"start":{"line":411,"column":49},"end":{"line":414,"column":1}},"line":411},"47":{"name":"(anonymous_47)","decl":{"start":{"line":416,"column":34},"end":{"line":416,"column":35}},"loc":{"start":{"line":416,"column":60},"end":{"line":421,"column":1}},"line":416},"48":{"name":"(anonymous_48)","decl":{"start":{"line":423,"column":39},"end":{"line":423,"column":40}},"loc":{"start":{"line":423,"column":65},"end":{"line":429,"column":1}},"line":423},"49":{"name":"(anonymous_49)","decl":{"start":{"line":431,"column":31},"end":{"line":431,"column":32}},"loc":{"start":{"line":431,"column":57},"end":{"line":436,"column":1}},"line":431},"50":{"name":"(anonymous_50)","decl":{"start":{"line":438,"column":35},"end":{"line":438,"column":36}},"loc":{"start":{"line":438,"column":59},"end":{"line":440,"column":1}},"line":438},"51":{"name":"(anonymous_51)","decl":{"start":{"line":442,"column":36},"end":{"line":442,"column":37}},"loc":{"start":{"line":442,"column":61},"end":{"line":444,"column":1}},"line":442},"52":{"name":"(anonymous_52)","decl":{"start":{"line":446,"column":35},"end":{"line":446,"column":36}},"loc":{"start":{"line":446,"column":52},"end":{"line":449,"column":1}},"line":446},"53":{"name":"(anonymous_53)","decl":{"start":{"line":451,"column":36},"end":{"line":451,"column":37}},"loc":{"start":{"line":451,"column":64},"end":{"line":456,"column":1}},"line":451}},"branchMap":{"0":{"loc":{"start":{"line":19,"column":4},"end":{"line":22,"column":10}},"type":"if","locations":[{"start":{"line":19,"column":4},"end":{"line":22,"column":10}},{"start":{"line":19,"column":4},"end":{"line":22,"column":10}}],"line":19},"1":{"loc":{"start":{"line":27,"column":4},"end":{"line":49,"column":5}},"type":"if","locations":[{"start":{"line":27,"column":4},"end":{"line":49,"column":5}},{"start":{"line":27,"column":4},"end":{"line":49,"column":5}}],"line":27},"2":{"loc":{"start":{"line":31,"column":8},"end":{"line":31,"column":72}},"type":"if","locations":[{"start":{"line":31,"column":8},"end":{"line":31,"column":72}},{"start":{"line":31,"column":8},"end":{"line":31,"column":72}}],"line":31},"3":{"loc":{"start":{"line":33,"column":8},"end":{"line":38,"column":14}},"type":"if","locations":[{"start":{"line":33,"column":8},"end":{"line":38,"column":14}},{"start":{"line":33,"column":8},"end":{"line":38,"column":14}}],"line":33},"4":{"loc":{"start":{"line":51,"column":4},"end":{"line":56,"column":10}},"type":"if","locations":[{"start":{"line":51,"column":4},"end":{"line":56,"column":10}},{"start":{"line":51,"column":4},"end":{"line":56,"column":10}}],"line":51},"5":{"loc":{"start":{"line":51,"column":8},"end":{"line":51,"column":55}},"type":"binary-expr","locations":[{"start":{"line":51,"column":8},"end":{"line":51,"column":32}},{"start":{"line":51,"column":36},"end":{"line":51,"column":55}}],"line":51},"6":{"loc":{"start":{"line":58,"column":4},"end":{"line":64,"column":5}},"type":"if","locations":[{"start":{"line":58,"column":4},"end":{"line":64,"column":5}},{"start":{"line":58,"column":4},"end":{"line":64,"column":5}}],"line":58},"7":{"loc":{"start":{"line":81,"column":4},"end":{"line":81,"column":51}},"type":"if","locations":[{"start":{"line":81,"column":4},"end":{"line":81,"column":51}},{"start":{"line":81,"column":4},"end":{"line":81,"column":51}}],"line":81},"8":{"loc":{"start":{"line":93,"column":4},"end":{"line":96,"column":10}},"type":"if","locations":[{"start":{"line":93,"column":4},"end":{"line":96,"column":10}},{"start":{"line":93,"column":4},"end":{"line":96,"column":10}}],"line":93},"9":{"loc":{"start":{"line":93,"column":8},"end":{"line":93,"column":53}},"type":"binary-expr","locations":[{"start":{"line":93,"column":8},"end":{"line":93,"column":31}},{"start":{"line":93,"column":35},"end":{"line":93,"column":41}},{"start":{"line":93,"column":45},"end":{"line":93,"column":53}}],"line":93},"10":{"loc":{"start":{"line":98,"column":4},"end":{"line":99,"column":59}},"type":"if","locations":[{"start":{"line":98,"column":4},"end":{"line":99,"column":59}},{"start":{"line":98,"column":4},"end":{"line":99,"column":59}}],"line":98},"11":{"loc":{"start":{"line":105,"column":4},"end":{"line":108,"column":10}},"type":"if","locations":[{"start":{"line":105,"column":4},"end":{"line":108,"column":10}},{"start":{"line":105,"column":4},"end":{"line":108,"column":10}}],"line":105},"12":{"loc":{"start":{"line":105,"column":8},"end":{"line":105,"column":40}},"type":"binary-expr","locations":[{"start":{"line":105,"column":8},"end":{"line":105,"column":13}},{"start":{"line":105,"column":17},"end":{"line":105,"column":29}},{"start":{"line":105,"column":33},"end":{"line":105,"column":40}}],"line":105},"13":{"loc":{"start":{"line":120,"column":4},"end":{"line":123,"column":10}},"type":"if","locations":[{"start":{"line":120,"column":4},"end":{"line":123,"column":10}},{"start":{"line":120,"column":4},"end":{"line":123,"column":10}}],"line":120},"14":{"loc":{"start":{"line":120,"column":8},"end":{"line":120,"column":32}},"type":"binary-expr","locations":[{"start":{"line":120,"column":8},"end":{"line":120,"column":16}},{"start":{"line":120,"column":20},"end":{"line":120,"column":32}}],"line":120},"15":{"loc":{"start":{"line":132,"column":4},"end":{"line":135,"column":10}},"type":"if","locations":[{"start":{"line":132,"column":4},"end":{"line":135,"column":10}},{"start":{"line":132,"column":4},"end":{"line":135,"column":10}}],"line":132},"16":{"loc":{"start":{"line":132,"column":8},"end":{"line":132,"column":40}},"type":"binary-expr","locations":[{"start":{"line":132,"column":8},"end":{"line":132,"column":15}},{"start":{"line":132,"column":19},"end":{"line":132,"column":24}},{"start":{"line":132,"column":28},"end":{"line":132,"column":40}}],"line":132},"17":{"loc":{"start":{"line":143,"column":4},"end":{"line":146,"column":10}},"type":"if","locations":[{"start":{"line":143,"column":4},"end":{"line":146,"column":10}},{"start":{"line":143,"column":4},"end":{"line":146,"column":10}}],"line":143},"18":{"loc":{"start":{"line":143,"column":8},"end":{"line":143,"column":40}},"type":"binary-expr","locations":[{"start":{"line":143,"column":8},"end":{"line":143,"column":15}},{"start":{"line":143,"column":19},"end":{"line":143,"column":24}},{"start":{"line":143,"column":28},"end":{"line":143,"column":40}}],"line":143},"19":{"loc":{"start":{"line":184,"column":4},"end":{"line":187,"column":10}},"type":"if","locations":[{"start":{"line":184,"column":4},"end":{"line":187,"column":10}},{"start":{"line":184,"column":4},"end":{"line":187,"column":10}}],"line":184},"20":{"loc":{"start":{"line":184,"column":8},"end":{"line":184,"column":46}},"type":"binary-expr","locations":[{"start":{"line":184,"column":8},"end":{"line":184,"column":16}},{"start":{"line":184,"column":20},"end":{"line":184,"column":29}},{"start":{"line":184,"column":33},"end":{"line":184,"column":46}}],"line":184}},"s":{"0":1,"1":1,"2":1,"3":1,"4":1,"5":1,"6":7,"7":1,"8":7,"9":1,"10":6,"11":6,"12":6,"13":3,"14":3,"15":1,"16":2,"17":1,"18":1,"19":1,"20":1,"21":2,"22":1,"23":3,"24":1,"25":2,"26":1,"27":1,"28":1,"29":0,"30":0,"31":0,"32":0,"33":0,"34":0,"35":0,"36":0,"37":1,"38":1,"39":1,"40":0,"41":0,"42":0,"43":1,"44":0,"45":0,"46":0,"47":0,"48":1,"49":0,"50":0,"51":0,"52":0,"53":0,"54":1,"55":0,"56":0,"57":0,"58":0,"59":1,"60":0,"61":0,"62":0,"63":0,"64":0,"65":1,"66":0,"67":0,"68":1,"69":0,"70":0,"71":1,"72":0,"73":0,"74":1,"75":0,"76":0,"77":1,"78":0,"79":0,"80":0,"81":0,"82":1,"83":0,"84":0,"85":1,"86":0,"87":0,"88":1,"89":0,"90":0,"91":1,"92":0,"93":0,"94":1,"95":0,"96":0,"97":1,"98":0,"99":0,"100":1,"101":0,"102":0,"103":1,"104":0,"105":0,"106":1,"107":0,"108":0,"109":1,"110":0,"111":0,"112":0,"113":1,"114":0,"115":0,"116":0,"117":1,"118":0,"119":1,"120":0,"121":1,"122":0,"123":1,"124":0,"125":0,"126":1,"127":0,"128":0,"129":1,"130":0,"131":0,"132":1,"133":0,"134":0,"135":1,"136":0,"137":0,"138":1,"139":0,"140":0,"141":1,"142":0,"143":0,"144":1,"145":0,"146":0,"147":1,"148":0,"149":0,"150":1,"151":0,"152":0,"153":1,"154":0,"155":0,"156":1,"157":0,"158":0,"159":1,"160":0,"161":0,"162":1,"163":0,"164":0,"165":1,"166":0,"167":0,"168":1,"169":0,"170":0,"171":1,"172":0,"173":0,"174":1,"175":0,"176":0,"177":1,"178":0,"179":0,"180":0,"181":1,"182":0,"183":1,"184":0,"185":1,"186":0,"187":0,"188":1,"189":0,"190":0,"191":1},"f":{"0":1,"1":7,"2":7,"3":2,"4":0,"5":0,"6":0,"7":1,"8":0,"9":0,"10":0,"11":0,"12":0,"13":0,"14":0,"15":0,"16":0,"17":0,"18":0,"19":0,"20":0,"21":0,"22":0,"23":0,"24":0,"25":0,"26":0,"27":0,"28":0,"29":0,"30":0,"31":0,"32":0,"33":0,"34":0,"35":0,"36":0,"37":0,"38":0,"39":0,"40":0,"41":0,"42":0,"43":0,"44":0,"45":0,"46":0,"47":0,"48":0,"49":0,"50":0,"51":0,"52":0,"53":0},"b":{"0":[1,6],"1":[3,3],"2":[1,2],"3":[1,1],"4":[1,2],"5":[3,2],"6":[1,1],"7":[0,0],"8":[1,0],"9":[1,0,0],"10":[0,0],"11":[0,0],"12":[0,0,0],"13":[0,0],"14":[0,0],"15":[0,0],"16":[0,0,0],"17":[0,0],"18":[0,0,0],"19":[0,0],"20":[0,0,0]},"_coverageSchema":"43e27e138ebf9cfc5966b082cf9a028302ed4184","hash":"fa7871bf0b469c4e90a3655cfbb98ea6e4df388f"}
}
