TN:
SF:/Users/akufour/Dev/Misc/trello/main.js
FN:4,(anonymous_0)
FN:9,(anonymous_1)
FN:13,(anonymous_2)
FN:43,(anonymous_3)
FN:73,(anonymous_4)
FN:76,(anonymous_5)
FN:80,makeRequest
FN:92,(anonymous_7)
FN:104,(anonymous_8)
FN:119,(anonymous_9)
FN:131,(anonymous_10)
FN:142,(anonymous_11)
FN:157,(anonymous_12)
FN:162,(anonymous_13)
FN:167,(anonymous_14)
FN:175,(anonymous_15)
FN:183,(anonymous_16)
FN:200,(anonymous_17)
FN:212,(anonymous_18)
FN:222,(anonymous_19)
FN:230,(anonymous_20)
FN:235,(anonymous_21)
FN:243,(anonymous_22)
FN:252,(anonymous_23)
FN:262,(anonymous_24)
FN:267,(anonymous_25)
FN:277,(anonymous_26)
FN:284,(anonymous_27)
FN:295,(anonymous_28)
FN:299,(anonymous_29)
FN:303,(anonymous_30)
FN:307,(anonymous_31)
FN:312,(anonymous_32)
FN:317,(anonymous_33)
FN:322,(anonymous_34)
FN:330,(anonymous_35)
FN:335,(anonymous_36)
FN:343,(anonymous_37)
FN:348,(anonymous_38)
FN:360,(anonymous_39)
FN:365,(anonymous_40)
FN:377,(anonymous_41)
FN:382,(anonymous_42)
FN:391,(anonymous_43)
FN:397,(anonymous_44)
FN:402,(anonymous_45)
FN:411,(anonymous_46)
FN:416,(anonymous_47)
FN:423,(anonymous_48)
FN:431,(anonymous_49)
FN:438,(anonymous_50)
FN:442,(anonymous_51)
FN:446,(anonymous_52)
FN:451,(anonymous_53)
FNF:54
FNH:4
FNDA:1,(anonymous_0)
FNDA:5,(anonymous_1)
FNDA:5,(anonymous_2)
FNDA:2,(anonymous_3)
FNDA:0,(anonymous_4)
FNDA:0,(anonymous_5)
FNDA:0,makeRequest
FNDA:0,(anonymous_7)
FNDA:0,(anonymous_8)
FNDA:0,(anonymous_9)
FNDA:0,(anonymous_10)
FNDA:0,(anonymous_11)
FNDA:0,(anonymous_12)
FNDA:0,(anonymous_13)
FNDA:0,(anonymous_14)
FNDA:0,(anonymous_15)
FNDA:0,(anonymous_16)
FNDA:0,(anonymous_17)
FNDA:0,(anonymous_18)
FNDA:0,(anonymous_19)
FNDA:0,(anonymous_20)
FNDA:0,(anonymous_21)
FNDA:0,(anonymous_22)
FNDA:0,(anonymous_23)
FNDA:0,(anonymous_24)
FNDA:0,(anonymous_25)
FNDA:0,(anonymous_26)
FNDA:0,(anonymous_27)
FNDA:0,(anonymous_28)
FNDA:0,(anonymous_29)
FNDA:0,(anonymous_30)
FNDA:0,(anonymous_31)
FNDA:0,(anonymous_32)
FNDA:0,(anonymous_33)
FNDA:0,(anonymous_34)
FNDA:0,(anonymous_35)
FNDA:0,(anonymous_36)
FNDA:0,(anonymous_37)
FNDA:0,(anonymous_38)
FNDA:0,(anonymous_39)
FNDA:0,(anonymous_40)
FNDA:0,(anonymous_41)
FNDA:0,(anonymous_42)
FNDA:0,(anonymous_43)
FNDA:0,(anonymous_44)
FNDA:0,(anonymous_45)
FNDA:0,(anonymous_46)
FNDA:0,(anonymous_47)
FNDA:0,(anonymous_48)
FNDA:0,(anonymous_49)
FNDA:0,(anonymous_50)
FNDA:0,(anonymous_51)
FNDA:0,(anonymous_52)
FNDA:0,(anonymous_53)
DA:1,1
DA:2,1
DA:4,1
DA:5,1
DA:6,1
DA:9,1
DA:10,5
DA:13,1
DA:19,5
DA:20,1
DA:24,4
DA:25,4
DA:27,4
DA:28,3
DA:31,3
DA:33,2
DA:34,1
DA:40,1
DA:41,1
DA:42,1
DA:43,2
DA:46,1
DA:51,1
DA:52,1
DA:58,0
DA:59,0
DA:66,0
DA:73,1
DA:74,0
DA:75,0
DA:76,0
DA:77,0
DA:81,0
DA:83,0
DA:92,1
DA:93,0
DA:94,0
DA:98,0
DA:99,0
DA:101,0
DA:104,1
DA:105,0
DA:106,0
DA:110,0
DA:116,0
DA:119,1
DA:120,0
DA:121,0
DA:125,0
DA:126,0
DA:128,0
DA:131,1
DA:132,0
DA:133,0
DA:137,0
DA:139,0
DA:142,1
DA:143,0
DA:144,0
DA:148,0
DA:152,0
DA:154,0
DA:157,1
DA:158,0
DA:159,0
DA:162,1
DA:163,0
DA:164,0
DA:167,1
DA:168,0
DA:172,0
DA:175,1
DA:176,0
DA:180,0
DA:183,1
DA:184,0
DA:185,0
DA:189,0
DA:197,0
DA:200,1
DA:201,0
DA:209,0
DA:212,1
DA:213,0
DA:219,0
DA:222,1
DA:223,0
DA:227,0
DA:230,1
DA:231,0
DA:232,0
DA:235,1
DA:236,0
DA:240,0
DA:243,1
DA:244,0
DA:249,0
DA:252,1
DA:253,0
DA:259,0
DA:262,1
DA:263,0
DA:264,0
DA:267,1
DA:268,0
DA:274,0
DA:277,1
DA:278,0
DA:279,0
DA:281,0
DA:284,1
DA:285,0
DA:286,0
DA:292,0
DA:295,1
DA:296,0
DA:299,1
DA:300,0
DA:303,1
DA:304,0
DA:307,1
DA:308,0
DA:309,0
DA:312,1
DA:313,0
DA:314,0
DA:317,1
DA:318,0
DA:319,0
DA:322,1
DA:323,0
DA:327,0
DA:330,1
DA:331,0
DA:332,0
DA:335,1
DA:336,0
DA:340,0
DA:343,1
DA:344,0
DA:345,0
DA:348,1
DA:352,0
DA:357,0
DA:360,1
DA:361,0
DA:362,0
DA:365,1
DA:367,0
DA:374,0
DA:377,1
DA:378,0
DA:379,0
DA:382,1
DA:383,0
DA:388,0
DA:391,1
DA:393,0
DA:394,0
DA:397,1
DA:398,0
DA:399,0
DA:402,1
DA:403,0
DA:408,0
DA:411,1
DA:412,0
DA:413,0
DA:416,1
DA:417,0
DA:420,0
DA:423,1
DA:424,0
DA:428,0
DA:431,1
DA:432,0
DA:434,0
DA:435,0
DA:438,1
DA:439,0
DA:442,1
DA:443,0
DA:446,1
DA:447,0
DA:448,0
DA:451,1
DA:452,0
DA:455,0
DA:458,1
LF:189
LH:73
BRDA:19,0,0,1
BRDA:19,0,1,4
BRDA:27,1,0,3
BRDA:27,1,1,1
BRDA:31,2,0,1
BRDA:31,2,1,2
BRDA:33,3,0,1
BRDA:33,3,1,1
BRDA:51,4,0,1
BRDA:51,4,1,0
BRDA:51,5,0,1
BRDA:51,5,1,1
BRDA:58,6,0,0
BRDA:58,6,1,0
BRDA:81,7,0,0
BRDA:81,7,1,0
BRDA:93,8,0,0
BRDA:93,8,1,0
BRDA:93,9,0,0
BRDA:93,9,1,0
BRDA:93,9,2,0
BRDA:98,10,0,0
BRDA:98,10,1,0
BRDA:105,11,0,0
BRDA:105,11,1,0
BRDA:105,12,0,0
BRDA:105,12,1,0
BRDA:105,12,2,0
BRDA:120,13,0,0
BRDA:120,13,1,0
BRDA:120,14,0,0
BRDA:120,14,1,0
BRDA:132,15,0,0
BRDA:132,15,1,0
BRDA:132,16,0,0
BRDA:132,16,1,0
BRDA:132,16,2,0
BRDA:143,17,0,0
BRDA:143,17,1,0
BRDA:143,18,0,0
BRDA:143,18,1,0
BRDA:143,18,2,0
BRDA:184,19,0,0
BRDA:184,19,1,0
BRDA:184,20,0,0
BRDA:184,20,1,0
BRDA:184,20,2,0
BRF:47
BRH:11
end_of_record
